app/build/intermediates/manifest_merge_blame_file/debug/processDebugMainManifest/manifest-merger-blame-debug-report.txt
1<?xml version="1.0" encoding="utf-8"?>
2<manifest xmlns:android="http://schemas.android.com/apk/res/android"
3    package="com.myai.smartreplyai"
4    android:versionCode="1"
5    android:versionName="1.0.0" >
6
7    <uses-sdk
8        android:minSdkVersion="26"
9        android:targetSdkVersion="35" />
10
11    <uses-permission android:name="android.permission.INTERNET" />
11-->src/main/AndroidManifest.xml:4:5-67
11-->src/main/AndroidManifest.xml:4:22-64
12    <uses-permission android:name="android.permission.RECORD_AUDIO" />
12-->src/main/AndroidManifest.xml:5:5-71
12-->src/main/AndroidManifest.xml:5:22-68
13    <uses-permission android:name="android.permission.POST_NOTIFICATIONS" />
13-->src/main/AndroidManifest.xml:6:5-77
13-->src/main/AndroidManifest.xml:6:22-74
14    <uses-permission android:name="android.permission.FOREGROUND_SERVICE" />
14-->src/main/AndroidManifest.xml:7:5-77
14-->src/main/AndroidManifest.xml:7:22-74
15    <uses-permission android:name="android.permission.FOREGROUND_SERVICE_SPECIAL_USE" />
15-->src/main/AndroidManifest.xml:8:5-89
15-->src/main/AndroidManifest.xml:8:22-86
16    <uses-permission android:name="android.permission.SYSTEM_ALERT_WINDOW" />
16-->src/main/AndroidManifest.xml:9:5-78
16-->src/main/AndroidManifest.xml:9:22-75
17    <uses-permission android:name="android.permission.ACCESS_NETWORK_STATE" />
17-->[com.google.firebase:firebase-config:23.1.0] AndroidManifest.xml:22:5-79
17-->[com.google.firebase:firebase-config:23.1.0] AndroidManifest.xml:22:22-76
18    <uses-permission android:name="android.permission.WAKE_LOCK" />
18-->[com.google.android.gms:play-services-measurement-api:22.2.0] AndroidManifest.xml:24:5-68
18-->[com.google.android.gms:play-services-measurement-api:22.2.0] AndroidManifest.xml:24:22-65
19    <uses-permission android:name="com.google.android.gms.permission.AD_ID" />
19-->[com.google.android.gms:play-services-measurement-api:22.2.0] AndroidManifest.xml:25:5-79
19-->[com.google.android.gms:play-services-measurement-api:22.2.0] AndroidManifest.xml:25:22-76
20    <uses-permission android:name="android.permission.ACCESS_ADSERVICES_ATTRIBUTION" />
20-->[com.google.android.gms:play-services-measurement-api:22.2.0] AndroidManifest.xml:26:5-88
20-->[com.google.android.gms:play-services-measurement-api:22.2.0] AndroidManifest.xml:26:22-85
21    <uses-permission android:name="android.permission.ACCESS_ADSERVICES_AD_ID" />
21-->[com.google.android.gms:play-services-measurement-api:22.2.0] AndroidManifest.xml:27:5-82
21-->[com.google.android.gms:play-services-measurement-api:22.2.0] AndroidManifest.xml:27:22-79
22    <uses-permission android:name="android.permission.ACCESS_ADSERVICES_TOPICS" /> <!-- Android package visibility setting -->
22-->[com.google.android.gms:play-services-ads-lite:23.6.0] AndroidManifest.xml:29:5-83
22-->[com.google.android.gms:play-services-ads-lite:23.6.0] AndroidManifest.xml:29:22-80
23    <queries>
23-->[com.google.android.gms:play-services-ads-lite:23.6.0] AndroidManifest.xml:35:5-68:15
24
25        <!-- For browser content -->
26        <intent>
26-->[com.google.android.gms:play-services-ads-lite:23.6.0] AndroidManifest.xml:38:9-44:18
27            <action android:name="android.intent.action.VIEW" />
27-->[com.google.android.gms:play-services-ads-lite:23.6.0] AndroidManifest.xml:39:13-65
27-->[com.google.android.gms:play-services-ads-lite:23.6.0] AndroidManifest.xml:39:21-62
28
29            <category android:name="android.intent.category.BROWSABLE" />
29-->[com.google.android.gms:play-services-ads-lite:23.6.0] AndroidManifest.xml:41:13-74
29-->[com.google.android.gms:play-services-ads-lite:23.6.0] AndroidManifest.xml:41:23-71
30
31            <data android:scheme="https" />
31-->[com.google.android.gms:play-services-ads-lite:23.6.0] AndroidManifest.xml:43:13-44
31-->[com.google.android.gms:play-services-ads-lite:23.6.0] AndroidManifest.xml:43:19-41
32        </intent>
33        <!-- End of browser content -->
34        <!-- For CustomTabsService -->
35        <intent>
35-->[com.google.android.gms:play-services-ads-lite:23.6.0] AndroidManifest.xml:47:9-49:18
36            <action android:name="android.support.customtabs.action.CustomTabsService" />
36-->[com.google.android.gms:play-services-ads-lite:23.6.0] AndroidManifest.xml:48:13-90
36-->[com.google.android.gms:play-services-ads-lite:23.6.0] AndroidManifest.xml:48:21-87
37        </intent>
38        <!-- End of CustomTabsService -->
39        <!-- For MRAID capabilities -->
40        <intent>
40-->[com.google.android.gms:play-services-ads-lite:23.6.0] AndroidManifest.xml:52:9-56:18
41            <action android:name="android.intent.action.INSERT" />
41-->[com.google.android.gms:play-services-ads-lite:23.6.0] AndroidManifest.xml:53:13-67
41-->[com.google.android.gms:play-services-ads-lite:23.6.0] AndroidManifest.xml:53:21-64
42
43            <data android:mimeType="vnd.android.cursor.dir/event" />
43-->[com.google.android.gms:play-services-ads-lite:23.6.0] AndroidManifest.xml:43:13-44
44        </intent>
45        <intent>
45-->[com.google.android.gms:play-services-ads-lite:23.6.0] AndroidManifest.xml:57:9-61:18
46            <action android:name="android.intent.action.VIEW" />
46-->[com.google.android.gms:play-services-ads-lite:23.6.0] AndroidManifest.xml:39:13-65
46-->[com.google.android.gms:play-services-ads-lite:23.6.0] AndroidManifest.xml:39:21-62
47
48            <data android:scheme="sms" />
48-->[com.google.android.gms:play-services-ads-lite:23.6.0] AndroidManifest.xml:43:13-44
48-->[com.google.android.gms:play-services-ads-lite:23.6.0] AndroidManifest.xml:43:19-41
49        </intent>
50        <intent>
50-->[com.google.android.gms:play-services-ads-lite:23.6.0] AndroidManifest.xml:62:9-66:18
51            <action android:name="android.intent.action.DIAL" />
51-->[com.google.android.gms:play-services-ads-lite:23.6.0] AndroidManifest.xml:63:13-65
51-->[com.google.android.gms:play-services-ads-lite:23.6.0] AndroidManifest.xml:63:21-62
52
53            <data android:path="tel:" />
53-->[com.google.android.gms:play-services-ads-lite:23.6.0] AndroidManifest.xml:43:13-44
54        </intent>
55        <!-- End of MRAID capabilities -->
56    </queries>
57
58    <uses-permission android:name="com.google.android.finsky.permission.BIND_GET_INSTALL_REFERRER_SERVICE" />
58-->[com.google.android.gms:play-services-measurement:22.2.0] AndroidManifest.xml:26:5-110
58-->[com.google.android.gms:play-services-measurement:22.2.0] AndroidManifest.xml:26:22-107
59
60    <permission
60-->[androidx.core:core:1.15.0] AndroidManifest.xml:22:5-24:47
61        android:name="com.myai.smartreplyai.DYNAMIC_RECEIVER_NOT_EXPORTED_PERMISSION"
61-->[androidx.core:core:1.15.0] AndroidManifest.xml:23:9-81
62        android:protectionLevel="signature" />
62-->[androidx.core:core:1.15.0] AndroidManifest.xml:24:9-44
63
64    <uses-permission android:name="com.myai.smartreplyai.DYNAMIC_RECEIVER_NOT_EXPORTED_PERMISSION" />
64-->[androidx.core:core:1.15.0] AndroidManifest.xml:26:5-97
64-->[androidx.core:core:1.15.0] AndroidManifest.xml:26:22-94
65
66    <application
66-->src/main/AndroidManifest.xml:11:5-58:19
67        android:name="com.myai.smartreplyai.SmartReplyApplication"
67-->src/main/AndroidManifest.xml:12:9-46
68        android:allowBackup="true"
68-->src/main/AndroidManifest.xml:13:9-35
69        android:appComponentFactory="androidx.core.app.CoreComponentFactory"
69-->[androidx.core:core:1.15.0] AndroidManifest.xml:28:18-86
70        android:debuggable="true"
71        android:extractNativeLibs="false"
72        android:icon="@mipmap/ic_launcher"
72-->src/main/AndroidManifest.xml:14:9-43
73        android:label="@string/app_name"
73-->src/main/AndroidManifest.xml:15:9-41
74        android:roundIcon="@mipmap/ic_launcher_round"
74-->src/main/AndroidManifest.xml:16:9-54
75        android:supportsRtl="true"
75-->src/main/AndroidManifest.xml:17:9-35
76        android:testOnly="true"
77        android:theme="@style/Theme.SmartReplyAI" >
77-->src/main/AndroidManifest.xml:18:9-50
78        <meta-data
78-->src/main/AndroidManifest.xml:20:9-22:69
79            android:name="com.google.android.gms.ads.APPLICATION_ID"
79-->src/main/AndroidManifest.xml:21:13-69
80            android:value="ca-app-pub-6792593559558279~2416218841" />
80-->src/main/AndroidManifest.xml:22:13-67
81
82        <activity
82-->src/main/AndroidManifest.xml:24:9-34:20
83            android:name="com.myai.smartreplyai.MainActivity"
83-->src/main/AndroidManifest.xml:25:13-41
84            android:exported="true"
84-->src/main/AndroidManifest.xml:26:13-36
85            android:launchMode="singleTop"
85-->src/main/AndroidManifest.xml:27:13-43
86            android:theme="@style/Theme.SmartReplyAI"
86-->src/main/AndroidManifest.xml:28:13-54
87            android:windowSoftInputMode="adjustResize" >
87-->src/main/AndroidManifest.xml:29:13-55
88            <intent-filter>
88-->src/main/AndroidManifest.xml:30:13-33:29
89                <action android:name="android.intent.action.MAIN" />
89-->src/main/AndroidManifest.xml:31:17-69
89-->src/main/AndroidManifest.xml:31:25-66
90
91                <category android:name="android.intent.category.LAUNCHER" />
91-->src/main/AndroidManifest.xml:32:17-77
91-->src/main/AndroidManifest.xml:32:27-74
92            </intent-filter>
93        </activity>
94
95        <service
95-->src/main/AndroidManifest.xml:36:9-44:19
96            android:name="com.myai.smartreplyai.features.smartreply.service.WhatsAppNotificationListenerService"
96-->src/main/AndroidManifest.xml:37:13-92
97            android:exported="true"
97-->src/main/AndroidManifest.xml:38:13-36
98            android:label="@string/notification_listener_label"
98-->src/main/AndroidManifest.xml:39:13-64
99            android:permission="android.permission.BIND_NOTIFICATION_LISTENER_SERVICE" >
99-->src/main/AndroidManifest.xml:40:13-87
100            <intent-filter>
100-->src/main/AndroidManifest.xml:41:13-43:29
101                <action android:name="android.service.notification.NotificationListenerService" />
101-->src/main/AndroidManifest.xml:42:17-99
101-->src/main/AndroidManifest.xml:42:25-96
102            </intent-filter>
103        </service>
104        <service
104-->src/main/AndroidManifest.xml:46:9-53:19
105            android:name="com.myai.smartreplyai.features.smartreply.service.SuggestionOverlayService"
105-->src/main/AndroidManifest.xml:47:13-81
106            android:exported="false"
106-->src/main/AndroidManifest.xml:48:13-37
107            android:foregroundServiceType="specialUse" >
107-->src/main/AndroidManifest.xml:49:13-55
108            <property
108-->src/main/AndroidManifest.xml:50:13-52:55
109                android:name="android.app.PROPERTY_SPECIAL_USE_FGS_SUBTYPE"
109-->src/main/AndroidManifest.xml:51:17-76
110                android:value="smart_reply_overlay" />
110-->src/main/AndroidManifest.xml:52:17-52
111        </service>
112
113        <receiver
113-->src/main/AndroidManifest.xml:55:9-57:40
114            android:name="com.myai.smartreplyai.features.smartreply.receiver.NotificationActionReceiver"
114-->src/main/AndroidManifest.xml:56:13-84
115            android:exported="false" />
115-->src/main/AndroidManifest.xml:57:13-37
116
117        <service
117-->[com.google.firebase:firebase-config:23.1.0] AndroidManifest.xml:26:9-35:19
118            android:name="com.google.firebase.components.ComponentDiscoveryService"
118-->[com.google.firebase:firebase-config:23.1.0] AndroidManifest.xml:27:13-84
119            android:directBootAware="true"
119-->[com.google.firebase:firebase-common:22.0.1] AndroidManifest.xml:32:13-43
120            android:exported="false" >
120-->[com.google.firebase:firebase-config:23.1.0] AndroidManifest.xml:28:13-37
121            <meta-data
121-->[com.google.firebase:firebase-config:23.1.0] AndroidManifest.xml:29:13-31:85
122                android:name="com.google.firebase.components:com.google.firebase.remoteconfig.FirebaseRemoteConfigKtxRegistrar"
122-->[com.google.firebase:firebase-config:23.1.0] AndroidManifest.xml:30:17-128
123                android:value="com.google.firebase.components.ComponentRegistrar" />
123-->[com.google.firebase:firebase-config:23.1.0] AndroidManifest.xml:31:17-82
124            <meta-data
124-->[com.google.firebase:firebase-config:23.1.0] AndroidManifest.xml:32:13-34:85
125                android:name="com.google.firebase.components:com.google.firebase.remoteconfig.RemoteConfigRegistrar"
125-->[com.google.firebase:firebase-config:23.1.0] AndroidManifest.xml:33:17-117
126                android:value="com.google.firebase.components.ComponentRegistrar" />
126-->[com.google.firebase:firebase-config:23.1.0] AndroidManifest.xml:34:17-82
127            <meta-data
127-->[com.google.firebase:firebase-abt:21.1.1] AndroidManifest.xml:12:13-14:85
128                android:name="com.google.firebase.components:com.google.firebase.abt.component.AbtRegistrar"
128-->[com.google.firebase:firebase-abt:21.1.1] AndroidManifest.xml:13:17-109
129                android:value="com.google.firebase.components.ComponentRegistrar" />
129-->[com.google.firebase:firebase-abt:21.1.1] AndroidManifest.xml:14:17-82
130            <meta-data
130-->[com.google.android.gms:play-services-measurement-api:22.2.0] AndroidManifest.xml:33:13-35:85
131                android:name="com.google.firebase.components:com.google.firebase.analytics.connector.internal.AnalyticsConnectorRegistrar"
131-->[com.google.android.gms:play-services-measurement-api:22.2.0] AndroidManifest.xml:34:17-139
132                android:value="com.google.firebase.components.ComponentRegistrar" />
132-->[com.google.android.gms:play-services-measurement-api:22.2.0] AndroidManifest.xml:35:17-82
133            <meta-data
133-->[com.google.firebase:firebase-installations:18.0.0] AndroidManifest.xml:15:13-17:85
134                android:name="com.google.firebase.components:com.google.firebase.installations.FirebaseInstallationsKtxRegistrar"
134-->[com.google.firebase:firebase-installations:18.0.0] AndroidManifest.xml:16:17-130
135                android:value="com.google.firebase.components.ComponentRegistrar" />
135-->[com.google.firebase:firebase-installations:18.0.0] AndroidManifest.xml:17:17-82
136            <meta-data
136-->[com.google.firebase:firebase-installations:18.0.0] AndroidManifest.xml:18:13-20:85
137                android:name="com.google.firebase.components:com.google.firebase.installations.FirebaseInstallationsRegistrar"
137-->[com.google.firebase:firebase-installations:18.0.0] AndroidManifest.xml:19:17-127
138                android:value="com.google.firebase.components.ComponentRegistrar" />
138-->[com.google.firebase:firebase-installations:18.0.0] AndroidManifest.xml:20:17-82
139            <meta-data
139-->[com.google.firebase:firebase-common-ktx:21.0.0] AndroidManifest.xml:12:13-14:85
140                android:name="com.google.firebase.components:com.google.firebase.ktx.FirebaseCommonLegacyRegistrar"
140-->[com.google.firebase:firebase-common-ktx:21.0.0] AndroidManifest.xml:13:17-116
141                android:value="com.google.firebase.components.ComponentRegistrar" />
141-->[com.google.firebase:firebase-common-ktx:21.0.0] AndroidManifest.xml:14:17-82
142            <meta-data
142-->[com.google.firebase:firebase-common:22.0.1] AndroidManifest.xml:35:13-37:85
143                android:name="com.google.firebase.components:com.google.firebase.FirebaseCommonKtxRegistrar"
143-->[com.google.firebase:firebase-common:22.0.1] AndroidManifest.xml:36:17-109
144                android:value="com.google.firebase.components.ComponentRegistrar" />
144-->[com.google.firebase:firebase-common:22.0.1] AndroidManifest.xml:37:17-82
145        </service>
146
147        <provider
147-->[com.google.firebase:firebase-common:22.0.1] AndroidManifest.xml:23:9-28:39
148            android:name="com.google.firebase.provider.FirebaseInitProvider"
148-->[com.google.firebase:firebase-common:22.0.1] AndroidManifest.xml:24:13-77
149            android:authorities="com.myai.smartreplyai.firebaseinitprovider"
149-->[com.google.firebase:firebase-common:22.0.1] AndroidManifest.xml:25:13-72
150            android:directBootAware="true"
150-->[com.google.firebase:firebase-common:22.0.1] AndroidManifest.xml:26:13-43
151            android:exported="false"
151-->[com.google.firebase:firebase-common:22.0.1] AndroidManifest.xml:27:13-37
152            android:initOrder="100" /> <!-- Include the AdActivity and InAppPurchaseActivity configChanges and themes. -->
152-->[com.google.firebase:firebase-common:22.0.1] AndroidManifest.xml:28:13-36
153        <activity
153-->[com.google.android.gms:play-services-ads-lite:23.6.0] AndroidManifest.xml:73:9-78:43
154            android:name="com.google.android.gms.ads.AdActivity"
154-->[com.google.android.gms:play-services-ads-lite:23.6.0] AndroidManifest.xml:74:13-65
155            android:configChanges="keyboard|keyboardHidden|orientation|screenLayout|uiMode|screenSize|smallestScreenSize"
155-->[com.google.android.gms:play-services-ads-lite:23.6.0] AndroidManifest.xml:75:13-122
156            android:exported="false"
156-->[com.google.android.gms:play-services-ads-lite:23.6.0] AndroidManifest.xml:76:13-37
157            android:theme="@android:style/Theme.Translucent" />
157-->[com.google.android.gms:play-services-ads-lite:23.6.0] AndroidManifest.xml:77:13-61
158
159        <provider
159-->[com.google.android.gms:play-services-ads-lite:23.6.0] AndroidManifest.xml:80:9-85:43
160            android:name="com.google.android.gms.ads.MobileAdsInitProvider"
160-->[com.google.android.gms:play-services-ads-lite:23.6.0] AndroidManifest.xml:81:13-76
161            android:authorities="com.myai.smartreplyai.mobileadsinitprovider"
161-->[com.google.android.gms:play-services-ads-lite:23.6.0] AndroidManifest.xml:82:13-73
162            android:exported="false"
162-->[com.google.android.gms:play-services-ads-lite:23.6.0] AndroidManifest.xml:83:13-37
163            android:initOrder="100" />
163-->[com.google.android.gms:play-services-ads-lite:23.6.0] AndroidManifest.xml:84:13-36
164
165        <service
165-->[com.google.android.gms:play-services-ads-lite:23.6.0] AndroidManifest.xml:87:9-91:43
166            android:name="com.google.android.gms.ads.AdService"
166-->[com.google.android.gms:play-services-ads-lite:23.6.0] AndroidManifest.xml:88:13-64
167            android:enabled="true"
167-->[com.google.android.gms:play-services-ads-lite:23.6.0] AndroidManifest.xml:89:13-35
168            android:exported="false" />
168-->[com.google.android.gms:play-services-ads-lite:23.6.0] AndroidManifest.xml:90:13-37
169
170        <activity
170-->[com.google.android.gms:play-services-ads-lite:23.6.0] AndroidManifest.xml:93:9-97:43
171            android:name="com.google.android.gms.ads.OutOfContextTestingActivity"
171-->[com.google.android.gms:play-services-ads-lite:23.6.0] AndroidManifest.xml:94:13-82
172            android:configChanges="keyboard|keyboardHidden|orientation|screenLayout|uiMode|screenSize|smallestScreenSize"
172-->[com.google.android.gms:play-services-ads-lite:23.6.0] AndroidManifest.xml:95:13-122
173            android:exported="false" />
173-->[com.google.android.gms:play-services-ads-lite:23.6.0] AndroidManifest.xml:96:13-37
174        <activity
174-->[com.google.android.gms:play-services-ads-lite:23.6.0] AndroidManifest.xml:98:9-105:43
175            android:name="com.google.android.gms.ads.NotificationHandlerActivity"
175-->[com.google.android.gms:play-services-ads-lite:23.6.0] AndroidManifest.xml:99:13-82
176            android:excludeFromRecents="true"
176-->[com.google.android.gms:play-services-ads-lite:23.6.0] AndroidManifest.xml:100:13-46
177            android:exported="false"
177-->[com.google.android.gms:play-services-ads-lite:23.6.0] AndroidManifest.xml:101:13-37
178            android:launchMode="singleTask"
178-->[com.google.android.gms:play-services-ads-lite:23.6.0] AndroidManifest.xml:102:13-44
179            android:taskAffinity=""
179-->[com.google.android.gms:play-services-ads-lite:23.6.0] AndroidManifest.xml:103:13-36
180            android:theme="@android:style/Theme.Translucent.NoTitleBar" />
180-->[com.google.android.gms:play-services-ads-lite:23.6.0] AndroidManifest.xml:104:13-72
181
182        <property
182-->[com.google.android.gms:play-services-ads-lite:23.6.0] AndroidManifest.xml:107:9-109:62
183            android:name="android.adservices.AD_SERVICES_CONFIG"
183-->[com.google.android.gms:play-services-ads-lite:23.6.0] AndroidManifest.xml:108:13-65
184            android:resource="@xml/gma_ad_services_config" />
184-->[com.google.android.gms:play-services-ads-lite:23.6.0] AndroidManifest.xml:109:13-59
185
186        <provider
186-->[androidx.work:work-runtime:2.7.0] AndroidManifest.xml:31:9-39:20
187            android:name="androidx.startup.InitializationProvider"
187-->[androidx.work:work-runtime:2.7.0] AndroidManifest.xml:32:13-67
188            android:authorities="com.myai.smartreplyai.androidx-startup"
188-->[androidx.work:work-runtime:2.7.0] AndroidManifest.xml:33:13-68
189            android:exported="false" >
189-->[androidx.work:work-runtime:2.7.0] AndroidManifest.xml:34:13-37
190            <meta-data
190-->[androidx.work:work-runtime:2.7.0] AndroidManifest.xml:36:13-38:52
191                android:name="androidx.work.WorkManagerInitializer"
191-->[androidx.work:work-runtime:2.7.0] AndroidManifest.xml:37:17-68
192                android:value="androidx.startup" />
192-->[androidx.work:work-runtime:2.7.0] AndroidManifest.xml:38:17-49
193            <meta-data
193-->[androidx.emoji2:emoji2:1.3.0] AndroidManifest.xml:29:13-31:52
194                android:name="androidx.emoji2.text.EmojiCompatInitializer"
194-->[androidx.emoji2:emoji2:1.3.0] AndroidManifest.xml:30:17-75
195                android:value="androidx.startup" />
195-->[androidx.emoji2:emoji2:1.3.0] AndroidManifest.xml:31:17-49
196            <meta-data
196-->[androidx.lifecycle:lifecycle-process:2.8.7] AndroidManifest.xml:29:13-31:52
197                android:name="androidx.lifecycle.ProcessLifecycleInitializer"
197-->[androidx.lifecycle:lifecycle-process:2.8.7] AndroidManifest.xml:30:17-78
198                android:value="androidx.startup" />
198-->[androidx.lifecycle:lifecycle-process:2.8.7] AndroidManifest.xml:31:17-49
199            <meta-data
199-->[androidx.profileinstaller:profileinstaller:1.3.1] AndroidManifest.xml:29:13-31:52
200                android:name="androidx.profileinstaller.ProfileInstallerInitializer"
200-->[androidx.profileinstaller:profileinstaller:1.3.1] AndroidManifest.xml:30:17-85
201                android:value="androidx.startup" />
201-->[androidx.profileinstaller:profileinstaller:1.3.1] AndroidManifest.xml:31:17-49
202        </provider>
203
204        <service
204-->[androidx.work:work-runtime:2.7.0] AndroidManifest.xml:41:9-46:35
205            android:name="androidx.work.impl.background.systemalarm.SystemAlarmService"
205-->[androidx.work:work-runtime:2.7.0] AndroidManifest.xml:42:13-88
206            android:directBootAware="false"
206-->[androidx.work:work-runtime:2.7.0] AndroidManifest.xml:43:13-44
207            android:enabled="@bool/enable_system_alarm_service_default"
207-->[androidx.work:work-runtime:2.7.0] AndroidManifest.xml:44:13-72
208            android:exported="false" />
208-->[androidx.work:work-runtime:2.7.0] AndroidManifest.xml:45:13-37
209        <service
209-->[androidx.work:work-runtime:2.7.0] AndroidManifest.xml:47:9-53:35
210            android:name="androidx.work.impl.background.systemjob.SystemJobService"
210-->[androidx.work:work-runtime:2.7.0] AndroidManifest.xml:48:13-84
211            android:directBootAware="false"
211-->[androidx.work:work-runtime:2.7.0] AndroidManifest.xml:49:13-44
212            android:enabled="@bool/enable_system_job_service_default"
212-->[androidx.work:work-runtime:2.7.0] AndroidManifest.xml:50:13-70
213            android:exported="true"
213-->[androidx.work:work-runtime:2.7.0] AndroidManifest.xml:51:13-36
214            android:permission="android.permission.BIND_JOB_SERVICE" />
214-->[androidx.work:work-runtime:2.7.0] AndroidManifest.xml:52:13-69
215        <service
215-->[androidx.work:work-runtime:2.7.0] AndroidManifest.xml:54:9-59:35
216            android:name="androidx.work.impl.foreground.SystemForegroundService"
216-->[androidx.work:work-runtime:2.7.0] AndroidManifest.xml:55:13-81
217            android:directBootAware="false"
217-->[androidx.work:work-runtime:2.7.0] AndroidManifest.xml:56:13-44
218            android:enabled="@bool/enable_system_foreground_service_default"
218-->[androidx.work:work-runtime:2.7.0] AndroidManifest.xml:57:13-77
219            android:exported="false" />
219-->[androidx.work:work-runtime:2.7.0] AndroidManifest.xml:58:13-37
220
221        <receiver
221-->[androidx.work:work-runtime:2.7.0] AndroidManifest.xml:61:9-66:35
222            android:name="androidx.work.impl.utils.ForceStopRunnable$BroadcastReceiver"
222-->[androidx.work:work-runtime:2.7.0] AndroidManifest.xml:62:13-88
223            android:directBootAware="false"
223-->[androidx.work:work-runtime:2.7.0] AndroidManifest.xml:63:13-44
224            android:enabled="true"
224-->[androidx.work:work-runtime:2.7.0] AndroidManifest.xml:64:13-35
225            android:exported="false" />
225-->[androidx.work:work-runtime:2.7.0] AndroidManifest.xml:65:13-37
226        <receiver
226-->[androidx.work:work-runtime:2.7.0] AndroidManifest.xml:67:9-77:20
227            android:name="androidx.work.impl.background.systemalarm.ConstraintProxy$BatteryChargingProxy"
227-->[androidx.work:work-runtime:2.7.0] AndroidManifest.xml:68:13-106
228            android:directBootAware="false"
228-->[androidx.work:work-runtime:2.7.0] AndroidManifest.xml:69:13-44
229            android:enabled="false"
229-->[androidx.work:work-runtime:2.7.0] AndroidManifest.xml:70:13-36
230            android:exported="false" >
230-->[androidx.work:work-runtime:2.7.0] AndroidManifest.xml:71:13-37
231            <intent-filter>
231-->[androidx.work:work-runtime:2.7.0] AndroidManifest.xml:73:13-76:29
232                <action android:name="android.intent.action.ACTION_POWER_CONNECTED" />
232-->[androidx.work:work-runtime:2.7.0] AndroidManifest.xml:74:17-87
232-->[androidx.work:work-runtime:2.7.0] AndroidManifest.xml:74:25-84
233                <action android:name="android.intent.action.ACTION_POWER_DISCONNECTED" />
233-->[androidx.work:work-runtime:2.7.0] AndroidManifest.xml:75:17-90
233-->[androidx.work:work-runtime:2.7.0] AndroidManifest.xml:75:25-87
234            </intent-filter>
235        </receiver>
236        <receiver
236-->[androidx.work:work-runtime:2.7.0] AndroidManifest.xml:78:9-88:20
237            android:name="androidx.work.impl.background.systemalarm.ConstraintProxy$BatteryNotLowProxy"
237-->[androidx.work:work-runtime:2.7.0] AndroidManifest.xml:79:13-104
238            android:directBootAware="false"
238-->[androidx.work:work-runtime:2.7.0] AndroidManifest.xml:80:13-44
239            android:enabled="false"
239-->[androidx.work:work-runtime:2.7.0] AndroidManifest.xml:81:13-36
240            android:exported="false" >
240-->[androidx.work:work-runtime:2.7.0] AndroidManifest.xml:82:13-37
241            <intent-filter>
241-->[androidx.work:work-runtime:2.7.0] AndroidManifest.xml:84:13-87:29
242                <action android:name="android.intent.action.BATTERY_OKAY" />
242-->[androidx.work:work-runtime:2.7.0] AndroidManifest.xml:85:17-77
242-->[androidx.work:work-runtime:2.7.0] AndroidManifest.xml:85:25-74
243                <action android:name="android.intent.action.BATTERY_LOW" />
243-->[androidx.work:work-runtime:2.7.0] AndroidManifest.xml:86:17-76
243-->[androidx.work:work-runtime:2.7.0] AndroidManifest.xml:86:25-73
244            </intent-filter>
245        </receiver>
246        <receiver
246-->[androidx.work:work-runtime:2.7.0] AndroidManifest.xml:89:9-99:20
247            android:name="androidx.work.impl.background.systemalarm.ConstraintProxy$StorageNotLowProxy"
247-->[androidx.work:work-runtime:2.7.0] AndroidManifest.xml:90:13-104
248            android:directBootAware="false"
248-->[androidx.work:work-runtime:2.7.0] AndroidManifest.xml:91:13-44
249            android:enabled="false"
249-->[androidx.work:work-runtime:2.7.0] AndroidManifest.xml:92:13-36
250            android:exported="false" >
250-->[androidx.work:work-runtime:2.7.0] AndroidManifest.xml:93:13-37
251            <intent-filter>
251-->[androidx.work:work-runtime:2.7.0] AndroidManifest.xml:95:13-98:29
252                <action android:name="android.intent.action.DEVICE_STORAGE_LOW" />
252-->[androidx.work:work-runtime:2.7.0] AndroidManifest.xml:96:17-83
252-->[androidx.work:work-runtime:2.7.0] AndroidManifest.xml:96:25-80
253                <action android:name="android.intent.action.DEVICE_STORAGE_OK" />
253-->[androidx.work:work-runtime:2.7.0] AndroidManifest.xml:97:17-82
253-->[androidx.work:work-runtime:2.7.0] AndroidManifest.xml:97:25-79
254            </intent-filter>
255        </receiver>
256        <receiver
256-->[androidx.work:work-runtime:2.7.0] AndroidManifest.xml:100:9-109:20
257            android:name="androidx.work.impl.background.systemalarm.ConstraintProxy$NetworkStateProxy"
257-->[androidx.work:work-runtime:2.7.0] AndroidManifest.xml:101:13-103
258            android:directBootAware="false"
258-->[androidx.work:work-runtime:2.7.0] AndroidManifest.xml:102:13-44
259            android:enabled="false"
259-->[androidx.work:work-runtime:2.7.0] AndroidManifest.xml:103:13-36
260            android:exported="false" >
260-->[androidx.work:work-runtime:2.7.0] AndroidManifest.xml:104:13-37
261            <intent-filter>
261-->[androidx.work:work-runtime:2.7.0] AndroidManifest.xml:106:13-108:29
262                <action android:name="android.net.conn.CONNECTIVITY_CHANGE" />
262-->[androidx.work:work-runtime:2.7.0] AndroidManifest.xml:107:17-79